#
# There is insufficient memory for the Java Runtime Environment to continue.
# Native memory allocation (malloc) failed to allocate 321616 bytes. Error detail: Chunk::new
# Possible reasons:
#   The system is out of physical RAM or swap space
#   This process is running with CompressedOops enabled, and the Java Heap may be blocking the growth of the native heap
# Possible solutions:
#   Reduce memory load on the system
#   Increase physical memory or swap space
#   Check if swap backing store is full
#   Decrease Java heap size (-Xmx/-Xms)
#   Decrease number of Java threads
#   Decrease Java thread stack sizes (-Xss)
#   Set larger code cache with -XX:ReservedCodeCacheSize=
#   JVM is running with Unscaled Compressed Oops mode in which the Java heap is
#     placed in the first 4GB address space. The Java Heap base address is the
#     maximum limit for the native heap growth. Please use -XX:HeapBaseMinAddress
#     to set the Java Heap base and to place the Java Heap above 4GB virtual address.
# This output file may be truncated or incomplete.
#
#  Out of Memory Error (arena.cpp:150), pid=25636, tid=30976
#
# JRE version: Java(TM) SE Runtime Environment (22.0.2+9) (build 22.0.2+9-70)
# Java VM: Java HotSpot(TM) 64-Bit Server VM (22.0.2+9-70, mixed mode, sharing, tiered, compressed oops, compressed class ptrs, g1 gc, windows-amd64)
# No core dump will be written. Minidumps are not enabled by default on client versions of Windows
#

---------------  S U M M A R Y ------------

Command Line: -ea -Didea.test.cyclic.buffer.size=1048576 -javaagent:C:\Program Files\JetBrains\IntelliJ IDEA Community Edition 2024.1.4\lib\idea_rt.jar=55383:C:\Program Files\JetBrains\IntelliJ IDEA Community Edition 2024.1.4\bin -Dfile.encoding=UTF-8 -Dsun.stdout.encoding=UTF-8 -Dsun.stderr.encoding=UTF-8 com.intellij.rt.testng.RemoteTestNGStarter -usedefaultlisteners false -socket55382 @w@C:\Users\HPSPEC~1\AppData\Local\Temp\idea_working_dirs_testng.tmp -temp C:\Users\HPSPEC~1\AppData\Local\Temp\idea_testng.tmp

Host: Intel(R) Core(TM) i5-6200U CPU @ 2.30GHz, 4 cores, 7G,  Windows 11 , 64 bit Build 22000 (10.0.22000.2538)
Time: Sun Jan 19 15:04:23 2025 W. Central Africa Standard Time elapsed time: 4.408527 seconds (0d 0h 0m 4s)

---------------  T H R E A D  ---------------

Current thread (0x0000019cd5d63020):  JavaThread "C2 CompilerThread0" daemon [_thread_in_native, id=30976, stack(0x00000099ad400000,0x00000099ad500000) (1024K)]


Current CompileTask:
C2:4408 1697 % !   4       java.util.concurrent.ConcurrentHashMap::transfer @ 96 (849 bytes)

Stack: [0x00000099ad400000,0x00000099ad500000]
Native frames: (J=compiled Java code, j=interpreted, Vv=VM code, C=native code)
V  [jvm.dll+0x6e26e9]  (no source info available)
V  [jvm.dll+0x875753]  (no source info available)
V  [jvm.dll+0x877b7e]  (no source info available)
V  [jvm.dll+0x878253]  (no source info available)
V  [jvm.dll+0x27fc86]  (no source info available)
V  [jvm.dll+0xc3d0f]  (no source info available)
V  [jvm.dll+0xc3f6b]  (no source info available)
V  [jvm.dll+0x3bb442]  (no source info available)
V  [jvm.dll+0x387d4b]  (no source info available)
V  [jvm.dll+0x3871ba]  (no source info available)
V  [jvm.dll+0x2477f8]  (no source info available)
V  [jvm.dll+0x246e9f]  (no source info available)
V  [jvm.dll+0x1c4e80]  (no source info available)
V  [jvm.dll+0x2568f3]  (no source info available)
V  [jvm.dll+0x254baa]  (no source info available)
V  [jvm.dll+0x3f57a6]  (no source info available)
V  [jvm.dll+0x81dc0b]  (no source info available)
V  [jvm.dll+0x6e0d85]  (no source info available)
C  [ucrtbase.dll+0x26c0c]  (no source info available)
C  [KERNEL32.DLL+0x153e0]  (no source info available)
C  [ntdll.dll+0x485b]  (no source info available)


---------------  P R O C E S S  ---------------

Threads class SMR info:
_java_thread_list=0x0000019d1b765650, length=12, elements={
0x0000019cb7b4f140, 0x0000019cd5d469e0, 0x0000019cd5d49f80, 0x0000019cd5d55fc0,
0x0000019cd5d57a30, 0x0000019cd5d58c30, 0x0000019cd5d5d330, 0x0000019cd5d63020,
0x0000019cd5d64270, 0x0000019cd5d15b80, 0x0000019d1b2f1a10, 0x0000019d1b2f2080
}

Java Threads: ( => current thread )
  0x0000019cb7b4f140 JavaThread "main"                              [_thread_in_vm, id=7268, stack(0x00000099ac600000,0x00000099ac700000) (1024K)]
  0x0000019cd5d469e0 JavaThread "Reference Handler"          daemon [_thread_blocked, id=32108, stack(0x00000099ace00000,0x00000099acf00000) (1024K)]
  0x0000019cd5d49f80 JavaThread "Finalizer"                  daemon [_thread_blocked, id=23748, stack(0x00000099acf00000,0x00000099ad000000) (1024K)]
  0x0000019cd5d55fc0 JavaThread "Signal Dispatcher"          daemon [_thread_blocked, id=26060, stack(0x00000099ad000000,0x00000099ad100000) (1024K)]
  0x0000019cd5d57a30 JavaThread "Attach Listener"            daemon [_thread_blocked, id=16140, stack(0x00000099ad100000,0x00000099ad200000) (1024K)]
  0x0000019cd5d58c30 JavaThread "Service Thread"             daemon [_thread_blocked, id=26904, stack(0x00000099ad200000,0x00000099ad300000) (1024K)]
  0x0000019cd5d5d330 JavaThread "Monitor Deflation Thread"   daemon [_thread_blocked, id=18372, stack(0x00000099ad300000,0x00000099ad400000) (1024K)]
=>0x0000019cd5d63020 JavaThread "C2 CompilerThread0"         daemon [_thread_in_native, id=30976, stack(0x00000099ad400000,0x00000099ad500000) (1024K)]
  0x0000019cd5d64270 JavaThread "C1 CompilerThread0"         daemon [_thread_in_vm, id=19396, stack(0x00000099ad500000,0x00000099ad600000) (1024K)]
  0x0000019cd5d15b80 JavaThread "Common-Cleaner"             daemon [_thread_blocked, id=2852, stack(0x00000099ad600000,0x00000099ad700000) (1024K)]
  0x0000019d1b2f1a10 JavaThread "Monitor Ctrl-Break"         daemon [_thread_in_native, id=21420, stack(0x00000099ad700000,0x00000099ad800000) (1024K)]
  0x0000019d1b2f2080 JavaThread "Notification Thread"        daemon [_thread_blocked, id=31548, stack(0x00000099ad800000,0x00000099ad900000) (1024K)]
Total: 12

Other Threads:
  0x0000019cd5d2d170 VMThread "VM Thread"                           [id=24860, stack(0x00000099acd00000,0x00000099ace00000) (1024K)]
  0x0000019cd5d148a0 WatcherThread "VM Periodic Task Thread"        [id=25768, stack(0x00000099acc00000,0x00000099acd00000) (1024K)]
  0x0000019cb9dca9b0 WorkerThread "GC Thread#0"                     [id=17120, stack(0x00000099ac700000,0x00000099ac800000) (1024K)]
  0x0000019d1bbfe9f0 WorkerThread "GC Thread#1"                     [id=22224, stack(0x00000099ada00000,0x00000099adb00000) (1024K)]
  0x0000019d1b7b1820 WorkerThread "GC Thread#2"                     [id=776, stack(0x00000099adb00000,0x00000099adc00000) (1024K)]
  0x0000019d1b989890 WorkerThread "GC Thread#3"                     [id=2948, stack(0x00000099adc00000,0x00000099add00000) (1024K)]
  0x0000019cb9ddb6e0 ConcurrentGCThread "G1 Main Marker"            [id=25920, stack(0x00000099ac800000,0x00000099ac900000) (1024K)]
  0x0000019cb9ddc1f0 WorkerThread "G1 Conc#0"                       [id=17432, stack(0x00000099ac900000,0x00000099aca00000) (1024K)]
  0x0000019cb9e2eb80 ConcurrentGCThread "G1 Refine#0"               [id=30712, stack(0x00000099aca00000,0x00000099acb00000) (1024K)]
  0x0000019cd5bd6830 ConcurrentGCThread "G1 Service"                [id=22780, stack(0x00000099acb00000,0x00000099acc00000) (1024K)]
Total: 10

Threads with active compile tasks:
C2 CompilerThread0  4608 1697 % !   4       java.util.concurrent.ConcurrentHashMap::transfer @ 96 (849 bytes)
C1 CompilerThread0  4609 1712       3       org.apache.logging.log4j.util.PropertySource$Util::tokenize (112 bytes)
Total: 2

VM state: not at safepoint (normal execution)

VM Mutex/Monitor currently owned by a thread: None

Heap address: 0x0000000081600000, size: 2026 MB, Compressed Oops mode: 32-bit

CDS archive(s) mapped at: [0x0000019cd6000000-0x0000019cd6c60000-0x0000019cd6c60000), size 12976128, SharedBaseAddress: 0x0000019cd6000000, ArchiveRelocationMode: 1.
Compressed class space mapped at: 0x0000019cd7000000-0x0000019d17000000, reserved size: 1073741824
Narrow klass base: 0x0000019cd6000000, Narrow klass shift: 0, Narrow klass range: 0x41000000

GC Precious Log:
 CardTable entry size: 512
 Card Set container configuration: InlinePtr #cards 5 size 8 Array Of Cards #cards 12 size 40 Howl #buckets 4 coarsen threshold 1843 Howl Bitmap #cards 512 size 80 coarsen threshold 460 Card regions per heap region 1 cards per card region 2048
 CPUs: 4 total, 4 available
 Memory: 8100M
 Large Page Support: Disabled
 NUMA Support: Disabled
 Compressed Oops: Enabled (32-bit)
 Heap Region Size: 1M
 Heap Min Capacity: 8M
 Heap Initial Capacity: 128M
 Heap Max Capacity: 2026M
 Pre-touch: Disabled
 Parallel Workers: 4
 Concurrent Workers: 1
 Concurrent Refinement Workers: 4
 Periodic GC: Disabled

Heap:
 garbage-first heap   total reserved 2074624K, committed 131072K, used 9014K [0x0000000081600000, 0x0000000100000000)
  region size 1024K, 5 young (5120K), 1 survivors (1024K)
 Metaspace       used 9544K, committed 9792K, reserved 1114112K
  class space    used 1133K, committed 1216K, reserved 1048576K

Heap Regions: E=young(eden), S=young(survivor), O=old, HS=humongous(starts), HC=humongous(continues), CS=collection set, F=free, TAMS=top-at-mark-start, PB=parsable bottom
|   0|0x0000000081600000, 0x0000000081700000, 0x0000000081700000|100%| O|  |TAMS 0x0000000081600000| PB 0x0000000081600000| Untracked |  0
|   1|0x0000000081700000, 0x0000000081800000, 0x0000000081800000|100%| O|  |TAMS 0x0000000081700000| PB 0x0000000081700000| Untracked |  0
|   2|0x0000000081800000, 0x0000000081900000, 0x0000000081900000|100%| O|  |TAMS 0x0000000081800000| PB 0x0000000081800000| Untracked |  0
|   3|0x0000000081900000, 0x0000000081a00000, 0x0000000081a00000|100%| O|  |TAMS 0x0000000081900000| PB 0x0000000081900000| Untracked |  0
|   4|0x0000000081a00000, 0x0000000081b00000, 0x0000000081b00000|100%| O|  |TAMS 0x0000000081a00000| PB 0x0000000081a00000| Untracked |  0
|   5|0x0000000081b00000, 0x0000000081b00000, 0x0000000081c00000|  0%| F|  |TAMS 0x0000000081b00000| PB 0x0000000081b00000| Untracked |  0
|   6|0x0000000081c00000, 0x0000000081c00000, 0x0000000081d00000|  0%| F|  |TAMS 0x0000000081c00000| PB 0x0000000081c00000| Untracked |  0
|   7|0x0000000081d00000, 0x0000000081d00000, 0x0000000081e00000|  0%| F|  |TAMS 0x0000000081d00000| PB 0x0000000081d00000| Untracked |  0
|   8|0x0000000081e00000, 0x0000000081e00000, 0x0000000081f00000|  0%| F|  |TAMS 0x0000000081e00000| PB 0x0000000081e00000| Untracked |  0
|   9|0x0000000081f00000, 0x0000000081f00000, 0x0000000082000000|  0%| F|  |TAMS 0x0000000081f00000| PB 0x0000000081f00000| Untracked |  0
|  10|0x0000000082000000, 0x0000000082000000, 0x0000000082100000|  0%| F|  |TAMS 0x0000000082000000| PB 0x0000000082000000| Untracked |  0
|  11|0x0000000082100000, 0x0000000082100000, 0x0000000082200000|  0%| F|  |TAMS 0x0000000082100000| PB 0x0000000082100000| Untracked |  0
|  12|0x0000000082200000, 0x0000000082200000, 0x0000000082300000|  0%| F|  |TAMS 0x0000000082200000| PB 0x0000000082200000| Untracked |  0
|  13|0x0000000082300000, 0x0000000082300000, 0x0000000082400000|  0%| F|  |TAMS 0x0000000082300000| PB 0x0000000082300000| Untracked |  0
|  14|0x0000000082400000, 0x0000000082400000, 0x0000000082500000|  0%| F|  |TAMS 0x0000000082400000| PB 0x0000000082400000| Untracked |  0
|  15|0x0000000082500000, 0x0000000082500000, 0x0000000082600000|  0%| F|  |TAMS 0x0000000082500000| PB 0x0000000082500000| Untracked |  0
|  16|0x0000000082600000, 0x0000000082600000, 0x0000000082700000|  0%| F|  |TAMS 0x0000000082600000| PB 0x0000000082600000| Untracked |  0
|  17|0x0000000082700000, 0x0000000082700000, 0x0000000082800000|  0%| F|  |TAMS 0x0000000082700000| PB 0x0000000082700000| Untracked |  0
|  18|0x0000000082800000, 0x0000000082800000, 0x0000000082900000|  0%| F|  |TAMS 0x0000000082800000| PB 0x0000000082800000| Untracked |  0
|  19|0x0000000082900000, 0x0000000082900000, 0x0000000082a00000|  0%| F|  |TAMS 0x0000000082900000| PB 0x0000000082900000| Untracked |  0
|  20|0x0000000082a00000, 0x0000000082a00000, 0x0000000082b00000|  0%| F|  |TAMS 0x0000000082a00000| PB 0x0000000082a00000| Untracked |  0
|  21|0x0000000082b00000, 0x0000000082b00000, 0x0000000082c00000|  0%| F|  |TAMS 0x0000000082b00000| PB 0x0000000082b00000| Untracked |  0
|  22|0x0000000082c00000, 0x0000000082c00000, 0x0000000082d00000|  0%| F|  |TAMS 0x0000000082c00000| PB 0x0000000082c00000| Untracked |  0
|  23|0x0000000082d00000, 0x0000000082d00000, 0x0000000082e00000|  0%| F|  |TAMS 0x0000000082d00000| PB 0x0000000082d00000| Untracked |  0
|  24|0x0000000082e00000, 0x0000000082e00000, 0x0000000082f00000|  0%| F|  |TAMS 0x0000000082e00000| PB 0x0000000082e00000| Untracked |  0
|  25|0x0000000082f00000, 0x0000000082f00000, 0x0000000083000000|  0%| F|  |TAMS 0x0000000082f00000| PB 0x0000000082f00000| Untracked |  0
|  26|0x0000000083000000, 0x0000000083000000, 0x0000000083100000|  0%| F|  |TAMS 0x0000000083000000| PB 0x0000000083000000| Untracked |  0
|  27|0x0000000083100000, 0x0000000083100000, 0x0000000083200000|  0%| F|  |TAMS 0x0000000083100000| PB 0x0000000083100000| Untracked |  0
|  28|0x0000000083200000, 0x0000000083200000, 0x0000000083300000|  0%| F|  |TAMS 0x0000000083200000| PB 0x0000000083200000| Untracked |  0
|  29|0x0000000083300000, 0x0000000083300000, 0x0000000083400000|  0%| F|  |TAMS 0x0000000083300000| PB 0x0000000083300000| Untracked |  0
|  30|0x0000000083400000, 0x0000000083400000, 0x0000000083500000|  0%| F|  |TAMS 0x0000000083400000| PB 0x0000000083400000| Untracked |  0
|  31|0x0000000083500000, 0x0000000083500000, 0x0000000083600000|  0%| F|  |TAMS 0x0000000083500000| PB 0x0000000083500000| Untracked |  0
|  32|0x0000000083600000, 0x0000000083600000, 0x0000000083700000|  0%| F|  |TAMS 0x0000000083600000| PB 0x0000000083600000| Untracked |  0
|  33|0x0000000083700000, 0x0000000083700000, 0x0000000083800000|  0%| F|  |TAMS 0x0000000083700000| PB 0x0000000083700000| Untracked |  0
|  34|0x0000000083800000, 0x0000000083800000, 0x0000000083900000|  0%| F|  |TAMS 0x0000000083800000| PB 0x0000000083800000| Untracked |  0
|  35|0x0000000083900000, 0x0000000083900000, 0x0000000083a00000|  0%| F|  |TAMS 0x0000000083900000| PB 0x0000000083900000| Untracked |  0
|  36|0x0000000083a00000, 0x0000000083a00000, 0x0000000083b00000|  0%| F|  |TAMS 0x0000000083a00000| PB 0x0000000083a00000| Untracked |  0
|  37|0x0000000083b00000, 0x0000000083b00000, 0x0000000083c00000|  0%| F|  |TAMS 0x0000000083b00000| PB 0x0000000083b00000| Untracked |  0
|  38|0x0000000083c00000, 0x0000000083c00000, 0x0000000083d00000|  0%| F|  |TAMS 0x0000000083c00000| PB 0x0000000083c00000| Untracked |  0
|  39|0x0000000083d00000, 0x0000000083d00000, 0x0000000083e00000|  0%| F|  |TAMS 0x0000000083d00000| PB 0x0000000083d00000| Untracked |  0
|  40|0x0000000083e00000, 0x0000000083e00000, 0x0000000083f00000|  0%| F|  |TAMS 0x0000000083e00000| PB 0x0000000083e00000| Untracked |  0
|  41|0x0000000083f00000, 0x0000000083f00000, 0x0000000084000000|  0%| F|  |TAMS 0x0000000083f00000| PB 0x0000000083f00000| Untracked |  0
|  42|0x0000000084000000, 0x0000000084000000, 0x0000000084100000|  0%| F|  |TAMS 0x0000000084000000| PB 0x0000000084000000| Untracked |  0
|  43|0x0000000084100000, 0x0000000084100000, 0x0000000084200000|  0%| F|  |TAMS 0x0000000084100000| PB 0x0000000084100000| Untracked |  0
|  44|0x0000000084200000, 0x0000000084200000, 0x0000000084300000|  0%| F|  |TAMS 0x0000000084200000| PB 0x0000000084200000| Untracked |  0
|  45|0x0000000084300000, 0x0000000084300000, 0x0000000084400000|  0%| F|  |TAMS 0x0000000084300000| PB 0x0000000084300000| Untracked |  0
|  46|0x0000000084400000, 0x0000000084400000, 0x0000000084500000|  0%| F|  |TAMS 0x0000000084400000| PB 0x0000000084400000| Untracked |  0
|  47|0x0000000084500000, 0x0000000084500000, 0x0000000084600000|  0%| F|  |TAMS 0x0000000084500000| PB 0x0000000084500000| Untracked |  0
|  48|0x0000000084600000, 0x0000000084600000, 0x0000000084700000|  0%| F|  |TAMS 0x0000000084600000| PB 0x0000000084600000| Untracked |  0
|  49|0x0000000084700000, 0x0000000084700000, 0x0000000084800000|  0%| F|  |TAMS 0x0000000084700000| PB 0x0000000084700000| Untracked |  0
|  50|0x0000000084800000, 0x0000000084800000, 0x0000000084900000|  0%| F|  |TAMS 0x0000000084800000| PB 0x0000000084800000| Untracked |  0
|  51|0x0000000084900000, 0x0000000084900000, 0x0000000084a00000|  0%| F|  |TAMS 0x0000000084900000| PB 0x0000000084900000| Untracked |  0
|  52|0x0000000084a00000, 0x0000000084a00000, 0x0000000084b00000|  0%| F|  |TAMS 0x0000000084a00000| PB 0x0000000084a00000| Untracked |  0
|  53|0x0000000084b00000, 0x0000000084b00000, 0x0000000084c00000|  0%| F|  |TAMS 0x0000000084b00000| PB 0x0000000084b00000| Untracked |  0
|  54|0x0000000084c00000, 0x0000000084c00000, 0x0000000084d00000|  0%| F|  |TAMS 0x0000000084c00000| PB 0x0000000084c00000| Untracked |  0
|  55|0x0000000084d00000, 0x0000000084d00000, 0x0000000084e00000|  0%| F|  |TAMS 0x0000000084d00000| PB 0x0000000084d00000| Untracked |  0
|  56|0x0000000084e00000, 0x0000000084e00000, 0x0000000084f00000|  0%| F|  |TAMS 0x0000000084e00000| PB 0x0000000084e00000| Untracked |  0
|  57|0x0000000084f00000, 0x0000000084f00000, 0x0000000085000000|  0%| F|  |TAMS 0x0000000084f00000| PB 0x0000000084f00000| Untracked |  0
|  58|0x0000000085000000, 0x0000000085000000, 0x0000000085100000|  0%| F|  |TAMS 0x0000000085000000| PB 0x0000000085000000| Untracked |  0
|  59|0x0000000085100000, 0x0000000085100000, 0x0000000085200000|  0%| F|  |TAMS 0x0000000085100000| PB 0x0000000085100000| Untracked |  0
|  60|0x0000000085200000, 0x0000000085200000, 0x0000000085300000|  0%| F|  |TAMS 0x0000000085200000| PB 0x0000000085200000| Untracked |  0
|  61|0x0000000085300000, 0x0000000085300000, 0x0000000085400000|  0%| F|  |TAMS 0x0000000085300000| PB 0x0000000085300000| Untracked |  0
|  62|0x0000000085400000, 0x0000000085400000, 0x0000000085500000|  0%| F|  |TAMS 0x0000000085400000| PB 0x0000000085400000| Untracked |  0
|  63|0x0000000085500000, 0x0000000085500000, 0x0000000085600000|  0%| F|  |TAMS 0x0000000085500000| PB 0x0000000085500000| Untracked |  0
|  64|0x0000000085600000, 0x0000000085600000, 0x0000000085700000|  0%| F|  |TAMS 0x0000000085600000| PB 0x0000000085600000| Untracked |  0
|  65|0x0000000085700000, 0x0000000085700000, 0x0000000085800000|  0%| F|  |TAMS 0x0000000085700000| PB 0x0000000085700000| Untracked |  0
|  66|0x0000000085800000, 0x0000000085800000, 0x0000000085900000|  0%| F|  |TAMS 0x0000000085800000| PB 0x0000000085800000| Untracked |  0
|  67|0x0000000085900000, 0x0000000085900000, 0x0000000085a00000|  0%| F|  |TAMS 0x0000000085900000| PB 0x0000000085900000| Untracked |  0
|  68|0x0000000085a00000, 0x0000000085a00000, 0x0000000085b00000|  0%| F|  |TAMS 0x0000000085a00000| PB 0x0000000085a00000| Untracked |  0
|  69|0x0000000085b00000, 0x0000000085b00000, 0x0000000085c00000|  0%| F|  |TAMS 0x0000000085b00000| PB 0x0000000085b00000| Untracked |  0
|  70|0x0000000085c00000, 0x0000000085c00000, 0x0000000085d00000|  0%| F|  |TAMS 0x0000000085c00000| PB 0x0000000085c00000| Untracked |  0
|  71|0x0000000085d00000, 0x0000000085d00000, 0x0000000085e00000|  0%| F|  |TAMS 0x0000000085d00000| PB 0x0000000085d00000| Untracked |  0
|  72|0x0000000085e00000, 0x0000000085e00000, 0x0000000085f00000|  0%| F|  |TAMS 0x0000000085e00000| PB 0x0000000085e00000| Untracked |  0
|  73|0x0000000085f00000, 0x0000000085f00000, 0x0000000086000000|  0%| F|  |TAMS 0x0000000085f00000| PB 0x0000000085f00000| Untracked |  0
|  74|0x0000000086000000, 0x0000000086000000, 0x0000000086100000|  0%| F|  |TAMS 0x0000000086000000| PB 0x0000000086000000| Untracked |  0
|  75|0x0000000086100000, 0x0000000086100000, 0x0000000086200000|  0%| F|  |TAMS 0x0000000086100000| PB 0x0000000086100000| Untracked |  0
|  76|0x0000000086200000, 0x0000000086200000, 0x0000000086300000|  0%| F|  |TAMS 0x0000000086200000| PB 0x0000000086200000| Untracked |  0
|  77|0x0000000086300000, 0x0000000086300000, 0x0000000086400000|  0%| F|  |TAMS 0x0000000086300000| PB 0x0000000086300000| Untracked |  0
|  78|0x0000000086400000, 0x0000000086400000, 0x0000000086500000|  0%| F|  |TAMS 0x0000000086400000| PB 0x0000000086400000| Untracked |  0
|  79|0x0000000086500000, 0x0000000086500000, 0x0000000086600000|  0%| F|  |TAMS 0x0000000086500000| PB 0x0000000086500000| Untracked |  0
|  80|0x0000000086600000, 0x0000000086600000, 0x0000000086700000|  0%| F|  |TAMS 0x0000000086600000| PB 0x0000000086600000| Untracked |  0
|  81|0x0000000086700000, 0x0000000086700000, 0x0000000086800000|  0%| F|  |TAMS 0x0000000086700000| PB 0x0000000086700000| Untracked |  0
|  82|0x0000000086800000, 0x0000000086800000, 0x0000000086900000|  0%| F|  |TAMS 0x0000000086800000| PB 0x0000000086800000| Untracked |  0
|  83|0x0000000086900000, 0x0000000086900000, 0x0000000086a00000|  0%| F|  |TAMS 0x0000000086900000| PB 0x0000000086900000| Untracked |  0
|  84|0x0000000086a00000, 0x0000000086a00000, 0x0000000086b00000|  0%| F|  |TAMS 0x0000000086a00000| PB 0x0000000086a00000| Untracked |  0
|  85|0x0000000086b00000, 0x0000000086b00000, 0x0000000086c00000|  0%| F|  |TAMS 0x0000000086b00000| PB 0x0000000086b00000| Untracked |  0
|  86|0x0000000086c00000, 0x0000000086c00000, 0x0000000086d00000|  0%| F|  |TAMS 0x0000000086c00000| PB 0x0000000086c00000| Untracked |  0
|  87|0x0000000086d00000, 0x0000000086d00000, 0x0000000086e00000|  0%| F|  |TAMS 0x0000000086d00000| PB 0x0000000086d00000| Untracked |  0
|  88|0x0000000086e00000, 0x0000000086e00000, 0x0000000086f00000|  0%| F|  |TAMS 0x0000000086e00000| PB 0x0000000086e00000| Untracked |  0
|  89|0x0000000086f00000, 0x0000000086f00000, 0x0000000087000000|  0%| F|  |TAMS 0x0000000086f00000| PB 0x0000000086f00000| Untracked |  0
|  90|0x0000000087000000, 0x0000000087000000, 0x0000000087100000|  0%| F|  |TAMS 0x0000000087000000| PB 0x0000000087000000| Untracked |  0
|  91|0x0000000087100000, 0x0000000087100000, 0x0000000087200000|  0%| F|  |TAMS 0x0000000087100000| PB 0x0000000087100000| Untracked |  0
|  92|0x0000000087200000, 0x0000000087200000, 0x0000000087300000|  0%| F|  |TAMS 0x0000000087200000| PB 0x0000000087200000| Untracked |  0
|  93|0x0000000087300000, 0x0000000087300000, 0x0000000087400000|  0%| F|  |TAMS 0x0000000087300000| PB 0x0000000087300000| Untracked |  0
|  94|0x0000000087400000, 0x0000000087400000, 0x0000000087500000|  0%| F|  |TAMS 0x0000000087400000| PB 0x0000000087400000| Untracked |  0
|  95|0x0000000087500000, 0x0000000087500000, 0x0000000087600000|  0%| F|  |TAMS 0x0000000087500000| PB 0x0000000087500000| Untracked |  0
|  96|0x0000000087600000, 0x0000000087600000, 0x0000000087700000|  0%| F|  |TAMS 0x0000000087600000| PB 0x0000000087600000| Untracked |  0
|  97|0x0000000087700000, 0x0000000087700000, 0x0000000087800000|  0%| F|  |TAMS 0x0000000087700000| PB 0x0000000087700000| Untracked |  0
|  98|0x0000000087800000, 0x0000000087800000, 0x0000000087900000|  0%| F|  |TAMS 0x0000000087800000| PB 0x0000000087800000| Untracked |  0
|  99|0x0000000087900000, 0x0000000087900000, 0x0000000087a00000|  0%| F|  |TAMS 0x0000000087900000| PB 0x0000000087900000| Untracked |  0
| 100|0x0000000087a00000, 0x0000000087a00000, 0x0000000087b00000|  0%| F|  |TAMS 0x0000000087a00000| PB 0x0000000087a00000| Untracked |  0
| 101|0x0000000087b00000, 0x0000000087b00000, 0x0000000087c00000|  0%| F|  |TAMS 0x0000000087b00000| PB 0x0000000087b00000| Untracked |  0
| 102|0x0000000087c00000, 0x0000000087c00000, 0x0000000087d00000|  0%| F|  |TAMS 0x0000000087c00000| PB 0x0000000087c00000| Untracked |  0
| 103|0x0000000087d00000, 0x0000000087d00000, 0x0000000087e00000|  0%| F|  |TAMS 0x0000000087d00000| PB 0x0000000087d00000| Untracked |  0
| 104|0x0000000087e00000, 0x0000000087e00000, 0x0000000087f00000|  0%| F|  |TAMS 0x0000000087e00000| PB 0x0000000087e00000| Untracked |  0
| 105|0x0000000087f00000, 0x0000000087f00000, 0x0000000088000000|  0%| F|  |TAMS 0x0000000087f00000| PB 0x0000000087f00000| Untracked |  0
| 106|0x0000000088000000, 0x0000000088000000, 0x0000000088100000|  0%| F|  |TAMS 0x0000000088000000| PB 0x0000000088000000| Untracked |  0
| 107|0x0000000088100000, 0x0000000088100000, 0x0000000088200000|  0%| F|  |TAMS 0x0000000088100000| PB 0x0000000088100000| Untracked |  0
| 108|0x0000000088200000, 0x0000000088200000, 0x0000000088300000|  0%| F|  |TAMS 0x0000000088200000| PB 0x0000000088200000| Untracked |  0
| 109|0x0000000088300000, 0x0000000088300000, 0x0000000088400000|  0%| F|  |TAMS 0x0000000088300000| PB 0x0000000088300000| Untracked |  0
| 110|0x0000000088400000, 0x0000000088400000, 0x0000000088500000|  0%| F|  |TAMS 0x0000000088400000| PB 0x0000000088400000| Untracked |  0
| 111|0x0000000088500000, 0x0000000088500000, 0x0000000088600000|  0%| F|  |TAMS 0x0000000088500000| PB 0x0000000088500000| Untracked |  0
| 112|0x0000000088600000, 0x0000000088600000, 0x0000000088700000|  0%| F|  |TAMS 0x0000000088600000| PB 0x0000000088600000| Untracked |  0
| 113|0x0000000088700000, 0x0000000088700000, 0x0000000088800000|  0%| F|  |TAMS 0x0000000088700000| PB 0x0000000088700000| Untracked |  0
| 114|0x0000000088800000, 0x00000000888cdbc0, 0x0000000088900000| 80%| S|CS|TAMS 0x0000000088800000| PB 0x0000000088800000| Complete |  0
| 115|0x0000000088900000, 0x0000000088900000, 0x0000000088a00000|  0%| F|  |TAMS 0x0000000088900000| PB 0x0000000088900000| Untracked |  0
| 116|0x0000000088a00000, 0x0000000088a00000, 0x0000000088b00000|  0%| F|  |TAMS 0x0000000088a00000| PB 0x0000000088a00000| Untracked |  0
| 117|0x0000000088b00000, 0x0000000088b00000, 0x0000000088c00000|  0%| F|  |TAMS 0x0000000088b00000| PB 0x0000000088b00000| Untracked |  0
| 118|0x0000000088c00000, 0x0000000088c00000, 0x0000000088d00000|  0%| F|  |TAMS 0x0000000088c00000| PB 0x0000000088c00000| Untracked |  0
| 119|0x0000000088d00000, 0x0000000088d00000, 0x0000000088e00000|  0%| F|  |TAMS 0x0000000088d00000| PB 0x0000000088d00000| Untracked |  0
| 120|0x0000000088e00000, 0x0000000088e00000, 0x0000000088f00000|  0%| F|  |TAMS 0x0000000088e00000| PB 0x0000000088e00000| Untracked |  0
| 121|0x0000000088f00000, 0x0000000088f00000, 0x0000000089000000|  0%| F|  |TAMS 0x0000000088f00000| PB 0x0000000088f00000| Untracked |  0
| 122|0x0000000089000000, 0x0000000089000000, 0x0000000089100000|  0%| F|  |TAMS 0x0000000089000000| PB 0x0000000089000000| Untracked |  0
| 123|0x0000000089100000, 0x0000000089100000, 0x0000000089200000|  0%| F|  |TAMS 0x0000000089100000| PB 0x0000000089100000| Untracked |  0
| 124|0x0000000089200000, 0x0000000089300000, 0x0000000089300000|100%| E|  |TAMS 0x0000000089200000| PB 0x0000000089200000| Complete |  0
| 125|0x0000000089300000, 0x0000000089400000, 0x0000000089400000|100%| E|CS|TAMS 0x0000000089300000| PB 0x0000000089300000| Complete |  0
| 126|0x0000000089400000, 0x0000000089500000, 0x0000000089500000|100%| E|CS|TAMS 0x0000000089400000| PB 0x0000000089400000| Complete |  0
| 127|0x0000000089500000, 0x0000000089600000, 0x0000000089600000|100%| E|CS|TAMS 0x0000000089500000| PB 0x0000000089500000| Complete |  0

Card table byte_map: [0x0000019cd14c0000,0x0000019cd18c0000] _byte_map_base: 0x0000019cd10b5000

Marking Bits: (CMBitMap*) 0x0000019cb9dcb0c0
 Bits: [0x0000019cd18c0000, 0x0000019cd3868000)

Polling page: 0x0000019cb9530000

Metaspace:

Usage:
  Non-class:      8.22 MB used.
      Class:      1.11 MB used.
       Both:      9.33 MB used.

Virtual space:
  Non-class space:       64.00 MB reserved,       8.38 MB ( 13%) committed,  1 nodes.
      Class space:        1.00 GB reserved,       1.19 MB ( <1%) committed,  1 nodes.
             Both:        1.06 GB reserved,       9.56 MB ( <1%) committed. 

Chunk freelists:
   Non-Class:  7.19 MB
       Class:  14.70 MB
        Both:  21.88 MB

MaxMetaspaceSize: unlimited
CompressedClassSpaceSize: 1.00 GB
Initial GC threshold: 21.00 MB
Current GC threshold: 21.00 MB
CDS: on
 - commit_granule_bytes: 65536.
 - commit_granule_words: 8192.
 - virtual_space_node_default_size: 8388608.
 - enlarge_chunks_in_place: 1.
 - use_allocation_guard: 0.


Internal statistics:

num_allocs_failed_limit: 0.
num_arena_births: 266.
num_arena_deaths: 0.
num_vsnodes_births: 2.
num_vsnodes_deaths: 0.
num_space_committed: 153.
num_space_uncommitted: 0.
num_chunks_returned_to_freelist: 0.
num_chunks_taken_from_freelist: 530.
num_chunk_merges: 0.
num_chunk_splits: 322.
num_chunks_enlarged: 181.
num_inconsistent_stats: 0.

CodeHeap 'non-profiled nmethods': size=120000Kb used=735Kb max_used=735Kb free=119264Kb
 bounds [0x0000019cc9b90000, 0x0000019cc9e00000, 0x0000019cd10c0000]
CodeHeap 'profiled nmethods': size=120000Kb used=2991Kb max_used=2991Kb free=117008Kb
 bounds [0x0000019cc20c0000, 0x0000019cc23b0000, 0x0000019cc95f0000]
CodeHeap 'non-nmethods': size=5760Kb used=1423Kb max_used=1444Kb free=4336Kb
 bounds [0x0000019cc95f0000, 0x0000019cc9860000, 0x0000019cc9b90000]
 total_blobs=2220 nmethods=1707 adapters=418
 compilation: enabled
              stopped_count=0, restarted_count=0
 full_count=0

Compilation events (20 events):
Event: 4.381 Thread 0x0000019cd5d64270 1690       3       sun.util.locale.InternalLocaleBuilder::getLocaleExtensions (65 bytes)
Event: 4.381 Thread 0x0000019cd5d64270 nmethod 1690 0x0000019cc2399a10 code [0x0000019cc2399c40, 0x0000019cc239a438]
Event: 4.382 Thread 0x0000019cd5d64270 1691       3       sun.util.locale.LocaleUtils::isEmpty (19 bytes)
Event: 4.382 Thread 0x0000019cd5d64270 nmethod 1691 0x0000019cc239a610 code [0x0000019cc239a7c0, 0x0000019cc239a9f8]
Event: 4.382 Thread 0x0000019cd5d64270 1692       3       sun.util.locale.LanguageTag::parseExtlangs (114 bytes)
Event: 4.383 Thread 0x0000019cd5d64270 nmethod 1692 0x0000019cc239aa90 code [0x0000019cc239ad00, 0x0000019cc239b778]
Event: 4.383 Thread 0x0000019cd5d64270 1693       3       sun.util.locale.LanguageTag::parseScript (55 bytes)
Event: 4.384 Thread 0x0000019cd5d64270 nmethod 1693 0x0000019cc239ba90 code [0x0000019cc239bca0, 0x0000019cc239c278]
Event: 4.384 Thread 0x0000019cd5d64270 1694       3       sun.util.locale.LanguageTag::parseRegion (55 bytes)
Event: 4.384 Thread 0x0000019cd5d64270 nmethod 1694 0x0000019cc239c490 code [0x0000019cc239c660, 0x0000019cc239ca40]
Event: 4.384 Thread 0x0000019cd5d64270 1696       3       sun.util.locale.LanguageTag::parseExtensions (208 bytes)
Event: 4.387 Thread 0x0000019cd5d64270 nmethod 1696 0x0000019cc239cb90 code [0x0000019cc239cf80, 0x0000019cc239e710]
Event: 4.387 Thread 0x0000019cd5d64270 1685       3       sun.util.locale.BaseLocale$Cache::createObject (9 bytes)
Event: 4.387 Thread 0x0000019cd5d64270 nmethod 1685 0x0000019cc239ef90 code [0x0000019cc239f160, 0x0000019cc239f630]
Event: 4.388 Thread 0x0000019cd5d64270 1686       3       sun.util.locale.BaseLocale$Cache::createObject (8 bytes)
Event: 4.388 Thread 0x0000019cd5d64270 nmethod 1686 0x0000019cc239f790 code [0x0000019cc239f960, 0x0000019cc239fd00]
Event: 4.388 Thread 0x0000019cd5d64270 1687       3       java.util.Locale$Cache::createObject (6 bytes)
Event: 4.388 Thread 0x0000019cd5d64270 nmethod 1687 0x0000019cc239fe90 code [0x0000019cc23a0040, 0x0000019cc23a0180]
Event: 4.388 Thread 0x0000019cd5d64270 1688       3       java.util.Locale$Cache::createObject (41 bytes)
Event: 4.389 Thread 0x0000019cd5d64270 nmethod 1688 0x0000019cc23a0210 code [0x0000019cc23a0400, 0x0000019cc23a0bc8]

GC Heap History (4 events):
Event: 2.318 GC heap before
{Heap before GC invocations=0 (full 0):
 garbage-first heap   total reserved 2074624K, committed 131072K, used 13312K [0x0000000081600000, 0x0000000100000000)
  region size 1024K, 14 young (14336K), 0 survivors (0K)
 Metaspace       used 5089K, committed 5312K, reserved 1114112K
  class space    used 551K, committed 640K, reserved 1048576K
}
Event: 2.326 GC heap after
{Heap after GC invocations=1 (full 0):
 garbage-first heap   total reserved 2074624K, committed 131072K, used 5120K [0x0000000081600000, 0x0000000100000000)
  region size 1024K, 2 young (2048K), 2 survivors (2048K)
 Metaspace       used 5089K, committed 5312K, reserved 1114112K
  class space    used 551K, committed 640K, reserved 1048576K
}
Event: 3.270 GC heap before
{Heap before GC invocations=1 (full 0):
 garbage-first heap   total reserved 2074624K, committed 131072K, used 17408K [0x0000000081600000, 0x0000000100000000)
  region size 1024K, 15 young (15360K), 2 survivors (2048K)
 Metaspace       used 8390K, committed 8704K, reserved 1114112K
  class space    used 991K, committed 1152K, reserved 1048576K
}
Event: 3.276 GC heap after
{Heap after GC invocations=2 (full 0):
 garbage-first heap   total reserved 2074624K, committed 131072K, used 5942K [0x0000000081600000, 0x0000000100000000)
  region size 1024K, 1 young (1024K), 1 survivors (1024K)
 Metaspace       used 8390K, committed 8704K, reserved 1114112K
  class space    used 991K, committed 1152K, reserved 1048576K
}

Dll operation events (12 events):
Event: 0.300 Loaded shared library C:\Program Files\Java\jdk-22\bin\java.dll
Event: 0.481 Loaded shared library C:\Program Files\Java\jdk-22\bin\jsvml.dll
Event: 0.713 Loaded shared library C:\Program Files\Java\jdk-22\bin\zip.dll
Event: 0.724 Loaded shared library C:\Program Files\Java\jdk-22\bin\instrument.dll
Event: 0.732 Loaded shared library C:\Program Files\Java\jdk-22\bin\net.dll
Event: 0.737 Loaded shared library C:\Program Files\Java\jdk-22\bin\nio.dll
Event: 0.747 Loaded shared library C:\Program Files\Java\jdk-22\bin\zip.dll
Event: 0.772 Loaded shared library C:\Program Files\JetBrains\IntelliJ IDEA Community Edition 2024.1.4\bin\breakgen64.dll
Event: 0.797 Loaded shared library C:\Program Files\Java\jdk-22\bin\extnet.dll
Event: 1.194 Loaded shared library C:\Program Files\Java\jdk-22\bin\jimage.dll
Event: 3.373 Loaded shared library C:\Program Files\Java\jdk-22\bin\management.dll
Event: 3.396 Loaded shared library C:\Program Files\Java\jdk-22\bin\management_ext.dll

Deoptimization events (20 events):
Event: 3.313 Thread 0x0000019cb7b4f140 Uncommon trap: trap_request=0xffffffc6 fr.pc=0x0000019cc9c0e730 relative=0x00000000000002d0
Event: 3.313 Thread 0x0000019cb7b4f140 Uncommon trap: reason=bimorphic_or_optimized_type_check action=maybe_recompile pc=0x0000019cc9c0e730 method=java.util.HashMap.getNode(Ljava/lang/Object;)Ljava/util/HashMap$Node; @ 128 c2
Event: 3.313 Thread 0x0000019cb7b4f140 DEOPT PACKING pc=0x0000019cc9c0e730 sp=0x00000099ac6fb030
Event: 3.313 Thread 0x0000019cb7b4f140 DEOPT UNPACKING pc=0x0000019cc96446a2 sp=0x00000099ac6faf98 mode 2
Event: 3.313 Thread 0x0000019cb7b4f140 Uncommon trap: trap_request=0xffffffc6 fr.pc=0x0000019cc9c0e730 relative=0x00000000000002d0
Event: 3.313 Thread 0x0000019cb7b4f140 Uncommon trap: reason=bimorphic_or_optimized_type_check action=maybe_recompile pc=0x0000019cc9c0e730 method=java.util.HashMap.getNode(Ljava/lang/Object;)Ljava/util/HashMap$Node; @ 128 c2
Event: 3.313 Thread 0x0000019cb7b4f140 DEOPT PACKING pc=0x0000019cc9c0e730 sp=0x00000099ac6fb030
Event: 3.313 Thread 0x0000019cb7b4f140 DEOPT UNPACKING pc=0x0000019cc96446a2 sp=0x00000099ac6faf98 mode 2
Event: 3.314 Thread 0x0000019cb7b4f140 Uncommon trap: trap_request=0xffffff54 fr.pc=0x0000019cc9c19818 relative=0x0000000000000c38
Event: 3.314 Thread 0x0000019cb7b4f140 Uncommon trap: reason=speculate_null_assert action=make_not_entrant pc=0x0000019cc9c19818 method=java.util.jar.JarFile.getVersionedEntry(Ljava/lang/String;Ljava/util/jar/JarEntry;)Ljava/util/jar/JarEntry; @ 115 c2
Event: 3.315 Thread 0x0000019cb7b4f140 DEOPT PACKING pc=0x0000019cc9c19818 sp=0x00000099ac6fa370
Event: 3.315 Thread 0x0000019cb7b4f140 DEOPT UNPACKING pc=0x0000019cc96446a2 sp=0x00000099ac6fa368 mode 2
Event: 3.315 Thread 0x0000019cb7b4f140 Uncommon trap: trap_request=0xffffff45 fr.pc=0x0000019cc9be6d68 relative=0x0000000000000888
Event: 3.315 Thread 0x0000019cb7b4f140 Uncommon trap: reason=unstable_if action=reinterpret pc=0x0000019cc9be6d68 method=java.util.jar.JarFile.getEntry(Ljava/lang/String;)Ljava/util/zip/ZipEntry; @ 15 c2
Event: 3.315 Thread 0x0000019cb7b4f140 DEOPT PACKING pc=0x0000019cc9be6d68 sp=0x00000099ac6fa430
Event: 3.315 Thread 0x0000019cb7b4f140 DEOPT UNPACKING pc=0x0000019cc96446a2 sp=0x00000099ac6fa358 mode 2
Event: 3.591 Thread 0x0000019cb7b4f140 Uncommon trap: trap_request=0xffffff45 fr.pc=0x0000019cc9be3548 relative=0x0000000000000748
Event: 3.591 Thread 0x0000019cb7b4f140 Uncommon trap: reason=unstable_if action=reinterpret pc=0x0000019cc9be3548 method=java.util.jar.JarFile.getEntry(Ljava/lang/String;)Ljava/util/zip/ZipEntry; @ 15 c2
Event: 3.591 Thread 0x0000019cb7b4f140 DEOPT PACKING pc=0x0000019cc9be3548 sp=0x00000099ac6fbae0
Event: 3.591 Thread 0x0000019cb7b4f140 DEOPT UNPACKING pc=0x0000019cc96446a2 sp=0x00000099ac6fbad8 mode 2

Classes loaded (20 events):
Event: 3.447 Loading class java/lang/management/ManagementPermission
Event: 3.447 Loading class java/lang/management/ManagementPermission done
Event: 3.499 Loading class java/util/DualPivotQuicksort
Event: 3.500 Loading class java/util/DualPivotQuicksort done
Event: 3.609 Loading class java/util/concurrent/atomic/AtomicReferenceFieldUpdater
Event: 3.672 Loading class java/util/concurrent/atomic/AtomicReferenceFieldUpdater done
Event: 3.673 Loading class java/util/concurrent/atomic/AtomicReferenceFieldUpdater$AtomicReferenceFieldUpdaterImpl
Event: 3.713 Loading class java/util/concurrent/atomic/AtomicReferenceFieldUpdater$AtomicReferenceFieldUpdaterImpl done
Event: 3.713 Loading class java/util/concurrent/atomic/AtomicReferenceFieldUpdater$AtomicReferenceFieldUpdaterImpl$1
Event: 3.713 Loading class java/util/concurrent/atomic/AtomicReferenceFieldUpdater$AtomicReferenceFieldUpdaterImpl$1 done
Event: 3.745 Loading class sun/reflect/misc/ReflectUtil
Event: 3.746 Loading class sun/reflect/misc/ReflectUtil done
Event: 3.865 Loading class java/util/concurrent/ScheduledExecutorService
Event: 3.865 Loading class java/util/concurrent/ScheduledExecutorService done
Event: 4.115 Loading class java/time/temporal/UnsupportedTemporalTypeException
Event: 4.122 Loading class java/time/DateTimeException
Event: 4.123 Loading class java/time/DateTimeException done
Event: 4.123 Loading class java/time/temporal/UnsupportedTemporalTypeException done
Event: 4.304 Loading class java/lang/invoke/MethodHandle$1
Event: 4.305 Loading class java/lang/invoke/MethodHandle$1 done

Classes unloaded (0 events):
No events

Classes redefined (0 events):
No events

Internal exceptions (20 events):
Event: 1.994 Thread 0x0000019cb7b4f140 Exception <a 'java/lang/ClassNotFoundException'{0x0000000088ab4888}: com/sun/org/apache/xerces/internal/impl/msg/spi/SAXMessagesProvider> (0x0000000088ab4888) 
thrown [s\open\src\hotspot\share\classfile\systemDictionary.cpp, line 313]
Event: 2.160 Thread 0x0000019cb7b4f140 Exception <a 'java/lang/NoSuchMethodError'{0x0000000088960788}: 'java.lang.Object java.lang.invoke.DirectMethodHandle$Holder.invokeStaticInit(java.lang.Object, int, int, int, int)'> (0x0000000088960788) 
thrown [s\open\src\hotspot\share\interpreter\linkResolver.cpp, line 774]
Event: 2.240 Thread 0x0000019cb7b4f140 Exception <a 'java/lang/NoSuchMethodError'{0x0000000088836c38}: 'java.lang.Object java.lang.invoke.DirectMethodHandle$Holder.invokeStaticInit(java.lang.Object, java.lang.Object, int, int, int, int)'> (0x0000000088836c38) 
thrown [s\open\src\hotspot\share\interpreter\linkResolver.cpp, line 774]
Event: 2.283 Thread 0x0000019cb7b4f140 Exception <a 'java/lang/NoSuchMethodError'{0x0000000088897780}: 'void java.lang.invoke.DirectMethodHandle$Holder.invokeVirtual(java.lang.Object, java.lang.Object)'> (0x0000000088897780) 
thrown [s\open\src\hotspot\share\interpreter\linkResolver.cpp, line 774]
Event: 2.306 Thread 0x0000019cb7b4f140 Exception <a 'java/lang/NoSuchMethodError'{0x00000000888d1d18}: 'void java.lang.invoke.DirectMethodHandle$Holder.invokeStatic(java.lang.Object, java.lang.Object, java.lang.Object, java.lang.Object)'> (0x00000000888d1d18) 
thrown [s\open\src\hotspot\share\interpreter\linkResolver.cpp, line 774]
Event: 2.349 Thread 0x0000019cb7b4f140 Exception <a 'java/lang/NoSuchMethodError'{0x000000008952fd80}: 'int java.lang.invoke.DirectMethodHandle$Holder.invokeVirtual(java.lang.Object, java.lang.Object)'> (0x000000008952fd80) 
thrown [s\open\src\hotspot\share\interpreter\linkResolver.cpp, line 774]
Event: 2.379 Thread 0x0000019cb7b4f140 Exception <a 'java/lang/NoSuchMethodError'{0x0000000089400e20}: 'java.lang.Object java.lang.invoke.DirectMethodHandle$Holder.invokeSpecial(java.lang.Object, java.lang.Object, java.lang.Object, int, java.lang.Object)'> (0x0000000089400e20) 
thrown [s\open\src\hotspot\share\interpreter\linkResolver.cpp, line 774]
Event: 2.404 Thread 0x0000019cb7b4f140 Exception <a 'java/lang/NoSuchMethodError'{0x000000008944dda0}: 'int java.lang.invoke.DirectMethodHandle$Holder.invokeStaticInit(java.lang.Object, java.lang.Object, java.lang.Object)'> (0x000000008944dda0) 
thrown [s\open\src\hotspot\share\interpreter\linkResolver.cpp, line 774]
Event: 2.523 Thread 0x0000019cb7b4f140 Exception <a 'java/lang/IncompatibleClassChangeError'{0x00000000893f8510}: Found class java.lang.Object, but interface was expected> (0x00000000893f8510) 
thrown [s\open\src\hotspot\share\interpreter\linkResolver.cpp, line 841]
Event: 2.530 Thread 0x0000019cb7b4f140 Exception <a 'java/lang/NoSuchMethodError'{0x000000008921cef0}: 'java.lang.Object java.lang.invoke.DirectMethodHandle$Holder.newInvokeSpecial(java.lang.Object, java.lang.Object, java.lang.Object, java.lang.Object, java.lang.Object, java.lang.Object, java.lang.Object, java.lang.Object, java.lang.Object)'> (0x000000008921cef0) 
thrown [s\open\src\hotspot\share\interpreter\linkResolver.cpp, line 774]
Event: 2.554 Thread 0x0000019cb7b4f140 Exception <a 'java/lang/NoSuchMethodError'{0x000000008929f778}: 'java.lang.Object java.lang.invoke.DirectMethodHandle$Holder.newInvokeSpecial(java.lang.Object, java.lang.Object, java.lang.Object, java.lang.Object, java.lang.Object, java.lang.Object, java.lang.Object)'> (0x000000008929f778) 
thrown [s\open\src\hotspot\share\interpreter\linkResolver.cpp, line 774]
Event: 2.570 Thread 0x0000019cb7b4f140 Exception <a 'java/lang/NoSuchMethodError'{0x00000000892ddf30}: 'java.lang.Object java.lang.invoke.DirectMethodHandle$Holder.invokeStatic(java.lang.Object, int, java.lang.Object, java.lang.Object)'> (0x00000000892ddf30) 
thrown [s\open\src\hotspot\share\interpreter\linkResolver.cpp, line 774]
Event: 2.571 Thread 0x0000019cb7b4f140 Exception <a 'java/lang/NoSuchMethodError'{0x00000000892e48f0}: 'java.lang.Object java.lang.invoke.DirectMethodHandle$Holder.newInvokeSpecial(java.lang.Object, int, java.lang.Object)'> (0x00000000892e48f0) 
thrown [s\open\src\hotspot\share\interpreter\linkResolver.cpp, line 774]
Event: 2.634 Thread 0x0000019cb7b4f140 Exception <a 'java/lang/NoSuchMethodError'{0x000000008900fe28}: 'java.lang.Object java.lang.invoke.DirectMethodHandle$Holder.invokeStatic(java.lang.Object, java.lang.Object, int)'> (0x000000008900fe28) 
thrown [s\open\src\hotspot\share\interpreter\linkResolver.cpp, line 774]
Event: 2.636 Thread 0x0000019cb7b4f140 Exception <a 'java/lang/NoSuchMethodError'{0x000000008901d7a0}: 'void java.lang.invoke.DelegatingMethodHandle$Holder.delegate(java.lang.Object, java.lang.Object, int, java.lang.Object)'> (0x000000008901d7a0) 
thrown [s\open\src\hotspot\share\interpreter\linkResolver.cpp, line 774]
Event: 2.654 Thread 0x0000019cb7b4f140 Exception <a 'java/lang/IncompatibleClassChangeError'{0x0000000089062b98}: Found class java.lang.Object, but interface was expected> (0x0000000089062b98) 
thrown [s\open\src\hotspot\share\interpreter\linkResolver.cpp, line 841]
Event: 2.666 Thread 0x0000019cb7b4f140 Exception <a 'java/lang/NoSuchMethodError'{0x0000000089080f10}: 'java.lang.Object java.lang.invoke.DirectMethodHandle$Holder.newInvokeSpecial(java.lang.Object, java.lang.Object, java.lang.Object, int, java.lang.Object)'> (0x0000000089080f10) 
thrown [s\open\src\hotspot\share\interpreter\linkResolver.cpp, line 774]
Event: 2.667 Thread 0x0000019cb7b4f140 Exception <a 'java/lang/NoSuchMethodError'{0x0000000089088768}: 'java.lang.Object java.lang.invoke.Invokers$Holder.linkToTargetMethod(java.lang.Object, java.lang.Object, int, java.lang.Object, java.lang.Object)'> (0x0000000089088768) 
thrown [s\open\src\hotspot\share\interpreter\linkResolver.cpp, line 774]
Event: 3.262 Thread 0x0000019cb7b4f140 Exception <a 'java/lang/NoSuchMethodError'{0x00000000889e1a80}: 'java.lang.Object java.lang.invoke.DirectMethodHandle$Holder.newInvokeSpecial(java.lang.Object, long, int, java.lang.Object)'> (0x00000000889e1a80) 
thrown [s\open\src\hotspot\share\interpreter\linkResolver.cpp, line 774]
Event: 3.309 Thread 0x0000019cb7b4f140 Exception <a 'java/lang/NoSuchMethodError'{0x000000008957f888}: 'void java.lang.invoke.DirectMethodHandle$Holder.invokeStaticInit(java.lang.Object, java.lang.Object, java.lang.Object, java.lang.Object)'> (0x000000008957f888) 
thrown [s\open\src\hotspot\share\interpreter\linkResolver.cpp, line 774]

ZGC Phase Switch (0 events):
No events

VM Operations (20 events):
Event: 2.020 Executing VM operation: HandshakeAllThreads (Deoptimize)
Event: 2.020 Executing VM operation: HandshakeAllThreads (Deoptimize) done
Event: 2.042 Executing VM operation: HandshakeAllThreads (Deoptimize)
Event: 2.042 Executing VM operation: HandshakeAllThreads (Deoptimize) done
Event: 2.090 Executing VM operation: HandshakeAllThreads (Deoptimize)
Event: 2.090 Executing VM operation: HandshakeAllThreads (Deoptimize) done
Event: 2.318 Executing VM operation: G1CollectForAllocation (G1 Evacuation Pause)
Event: 2.326 Executing VM operation: G1CollectForAllocation (G1 Evacuation Pause) done
Event: 2.633 Executing VM operation: HandshakeAllThreads (Deoptimize)
Event: 2.633 Executing VM operation: HandshakeAllThreads (Deoptimize) done
Event: 2.658 Executing VM operation: HandshakeAllThreads (Deoptimize)
Event: 2.658 Executing VM operation: HandshakeAllThreads (Deoptimize) done
Event: 2.703 Executing VM operation: HandshakeAllThreads (Deoptimize)
Event: 2.703 Executing VM operation: HandshakeAllThreads (Deoptimize) done
Event: 2.703 Executing VM operation: HandshakeAllThreads (Deoptimize)
Event: 2.703 Executing VM operation: HandshakeAllThreads (Deoptimize) done
Event: 3.270 Executing VM operation: G1CollectForAllocation (G1 Evacuation Pause)
Event: 3.276 Executing VM operation: G1CollectForAllocation (G1 Evacuation Pause) done
Event: 4.288 Executing VM operation: Cleanup
Event: 4.303 Executing VM operation: Cleanup done

Memory protections (0 events):
No events

Nmethod flushes (0 events):
No events

Events (16 events):
Event: 0.420 Thread 0x0000019cb7b4f140 Thread added: 0x0000019cb7b4f140
Event: 0.476 Thread 0x0000019cb7b4f140 Thread added: 0x0000019cd5d469e0
Event: 0.476 Thread 0x0000019cb7b4f140 Thread added: 0x0000019cd5d49f80
Event: 0.477 Thread 0x0000019cb7b4f140 Thread added: 0x0000019cd5d55fc0
Event: 0.477 Thread 0x0000019cb7b4f140 Thread added: 0x0000019cd5d57a30
Event: 0.477 Thread 0x0000019cb7b4f140 Thread added: 0x0000019cd5d58c30
Event: 0.478 Thread 0x0000019cb7b4f140 Thread added: 0x0000019cd5d5d330
Event: 0.478 Thread 0x0000019cb7b4f140 Thread added: 0x0000019cd5d63020
Event: 0.478 Thread 0x0000019cb7b4f140 Thread added: 0x0000019cd5d64270
Event: 0.630 Thread 0x0000019cb7b4f140 Thread added: 0x0000019cd5d15b80
Event: 0.773 Thread 0x0000019cb7b4f140 Thread added: 0x0000019d1b2f1a10
Event: 0.773 Thread 0x0000019cb7b4f140 Thread added: 0x0000019d1b2f2080
Event: 1.862 Thread 0x0000019cd5d64270 Thread added: 0x0000019d1b76abb0
Event: 1.967 Thread 0x0000019d1b76abb0 Thread exited: 0x0000019d1b76abb0
Event: 2.036 Thread 0x0000019cd5d64270 Thread added: 0x0000019d1b7feb60
Event: 3.558 Thread 0x0000019d1b7feb60 Thread exited: 0x0000019d1b7feb60


Dynamic libraries:
0x00007ff757eb0000 - 0x00007ff757ec0000 	C:\Program Files\Java\jdk-22\bin\java.exe
0x00007ffc6b180000 - 0x00007ffc6b389000 	C:\Windows\SYSTEM32\ntdll.dll
0x00007ffc2f170000 - 0x00007ffc2f18a000 	C:\Program Files\Avast Software\Avast\aswhook.dll
0x00007ffc69d00000 - 0x00007ffc69dbd000 	C:\Windows\System32\KERNEL32.DLL
0x00007ffc687d0000 - 0x00007ffc68b54000 	C:\Windows\System32\KERNELBASE.dll
0x00007ffc686b0000 - 0x00007ffc687c1000 	C:\Windows\System32\ucrtbase.dll
0x00007ffc64500000 - 0x00007ffc6451b000 	C:\Program Files\Java\jdk-22\bin\VCRUNTIME140.dll
0x00007ffc644e0000 - 0x00007ffc644f7000 	C:\Program Files\Java\jdk-22\bin\jli.dll
0x00007ffc40260000 - 0x00007ffc40505000 	C:\Windows\WinSxS\amd64_microsoft.windows.common-controls_6595b64144ccf1df_6.0.22000.120_none_9d947278b86cc467\COMCTL32.dll
0x00007ffc69dc0000 - 0x00007ffc69e63000 	C:\Windows\System32\msvcrt.dll
0x00007ffc695a0000 - 0x00007ffc6974d000 	C:\Windows\System32\USER32.dll
0x00007ffc6ab80000 - 0x00007ffc6abaa000 	C:\Windows\System32\GDI32.dll
0x00007ffc68c80000 - 0x00007ffc68ca6000 	C:\Windows\System32\win32u.dll
0x00007ffc68b60000 - 0x00007ffc68c7e000 	C:\Windows\System32\gdi32full.dll
0x00007ffc68610000 - 0x00007ffc686ad000 	C:\Windows\System32\msvcp_win.dll
0x00007ffc6ab40000 - 0x00007ffc6ab71000 	C:\Windows\System32\IMM32.DLL
0x00007ffc644d0000 - 0x00007ffc644dc000 	C:\Program Files\Java\jdk-22\bin\vcruntime140_1.dll
0x00007ffc3e230000 - 0x00007ffc3e2be000 	C:\Program Files\Java\jdk-22\bin\msvcp140.dll
0x00007ffc04b50000 - 0x00007ffc05899000 	C:\Program Files\Java\jdk-22\bin\server\jvm.dll
0x00007ffc69030000 - 0x00007ffc690de000 	C:\Windows\System32\ADVAPI32.dll
0x00007ffc6ac60000 - 0x00007ffc6acfe000 	C:\Windows\System32\sechost.dll
0x00007ffc69ae0000 - 0x00007ffc69c01000 	C:\Windows\System32\RPCRT4.dll
0x00007ffc6adf0000 - 0x00007ffc6ae5f000 	C:\Windows\System32\WS2_32.dll
0x00007ffc68430000 - 0x00007ffc6847d000 	C:\Windows\SYSTEM32\POWRPROF.dll
0x00007ffc62cd0000 - 0x00007ffc62d03000 	C:\Windows\SYSTEM32\WINMM.dll
0x00007ffc5b660000 - 0x00007ffc5b66a000 	C:\Windows\SYSTEM32\VERSION.dll
0x00007ffc68320000 - 0x00007ffc68333000 	C:\Windows\SYSTEM32\UMPDC.dll
0x00007ffc67680000 - 0x00007ffc67698000 	C:\Windows\SYSTEM32\kernel.appcore.dll
0x00007ffc62ec0000 - 0x00007ffc62eca000 	C:\Program Files\Java\jdk-22\bin\jimage.dll
0x00007ffc5b160000 - 0x00007ffc5b381000 	C:\Windows\SYSTEM32\DBGHELP.DLL
0x00007ffc5b080000 - 0x00007ffc5b0b1000 	C:\Windows\SYSTEM32\dbgcore.DLL
0x00007ffc68de0000 - 0x00007ffc68e5f000 	C:\Windows\System32\bcryptPrimitives.dll
0x00007ffc62e30000 - 0x00007ffc62e3f000 	C:\Program Files\Java\jdk-22\bin\instrument.dll
0x00007ffc62d90000 - 0x00007ffc62dae000 	C:\Program Files\Java\jdk-22\bin\java.dll
0x00007ffc6a370000 - 0x00007ffc6ab35000 	C:\Windows\System32\SHELL32.dll
0x00007ffc6ae60000 - 0x00007ffc6affa000 	C:\Windows\System32\ole32.dll
0x00007ffc69750000 - 0x00007ffc69ac6000 	C:\Windows\System32\combase.dll
0x00007ffc666e0000 - 0x00007ffc66f42000 	C:\Windows\SYSTEM32\windows.storage.dll
0x00007ffc66570000 - 0x00007ffc666d7000 	C:\Windows\SYSTEM32\wintypes.dll
0x00007ffc69160000 - 0x00007ffc6924a000 	C:\Windows\System32\SHCORE.dll
0x00007ffc68fd0000 - 0x00007ffc6902d000 	C:\Windows\System32\shlwapi.dll
0x00007ffc68540000 - 0x00007ffc68565000 	C:\Windows\SYSTEM32\profapi.dll
0x00007ffc31ce0000 - 0x00007ffc31db7000 	C:\Program Files\Java\jdk-22\bin\jsvml.dll
0x00007ffc5b060000 - 0x00007ffc5b077000 	C:\Program Files\Java\jdk-22\bin\zip.dll
0x00007ffc5b0c0000 - 0x00007ffc5b0d0000 	C:\Program Files\Java\jdk-22\bin\net.dll
0x00007ffc67b30000 - 0x00007ffc67b97000 	C:\Windows\system32\mswsock.dll
0x00007ffc53bd0000 - 0x00007ffc53be6000 	C:\Program Files\Java\jdk-22\bin\nio.dll
0x00007ffc53660000 - 0x00007ffc5367a000 	C:\Program Files\JetBrains\IntelliJ IDEA Community Edition 2024.1.4\bin\breakgen64.dll
0x00007ffc5aff0000 - 0x00007ffc5aff9000 	C:\Program Files\Java\jdk-22\bin\extnet.dll
0x00007ffc67d80000 - 0x00007ffc67d98000 	C:\Windows\SYSTEM32\CRYPTSP.dll
0x00007ffc675e0000 - 0x00007ffc67615000 	C:\Windows\system32\rsaenh.dll
0x00007ffc67c20000 - 0x00007ffc67c4c000 	C:\Windows\SYSTEM32\USERENV.dll
0x00007ffc67ef0000 - 0x00007ffc67f17000 	C:\Windows\SYSTEM32\bcrypt.dll
0x00007ffc67d70000 - 0x00007ffc67d7c000 	C:\Windows\SYSTEM32\CRYPTBASE.dll
0x00007ffc671a0000 - 0x00007ffc671cd000 	C:\Windows\SYSTEM32\IPHLPAPI.DLL
0x00007ffc6ad00000 - 0x00007ffc6ad09000 	C:\Windows\System32\NSI.dll
0x00007ffc5af80000 - 0x00007ffc5af8a000 	C:\Program Files\Java\jdk-22\bin\management.dll
0x00007ffc57ec0000 - 0x00007ffc57ecb000 	C:\Program Files\Java\jdk-22\bin\management_ext.dll
0x00007ffc69150000 - 0x00007ffc69158000 	C:\Windows\System32\PSAPI.DLL

dbghelp: loaded successfully - version: 4.0.5 - missing functions: none
symbol engine: initialized successfully - sym options: 0x614 - pdb path: .;C:\Program Files\Java\jdk-22\bin;C:\Windows\SYSTEM32;C:\Program Files\Avast Software\Avast;C:\Windows\WinSxS\amd64_microsoft.windows.common-controls_6595b64144ccf1df_6.0.22000.120_none_9d947278b86cc467;C:\Program Files\Java\jdk-22\bin\server;C:\Program Files\JetBrains\IntelliJ IDEA Community Edition 2024.1.4\bin

VM Arguments:
jvm_args: -ea -Didea.test.cyclic.buffer.size=1048576 -javaagent:C:\Program Files\JetBrains\IntelliJ IDEA Community Edition 2024.1.4\lib\idea_rt.jar=55383:C:\Program Files\JetBrains\IntelliJ IDEA Community Edition 2024.1.4\bin -Dfile.encoding=UTF-8 -Dsun.stdout.encoding=UTF-8 -Dsun.stderr.encoding=UTF-8 
java_command: com.intellij.rt.testng.RemoteTestNGStarter -usedefaultlisteners false -socket55382 @w@C:\Users\HPSPEC~1\AppData\Local\Temp\idea_working_dirs_testng.tmp -temp C:\Users\HPSPEC~1\AppData\Local\Temp\idea_testng.tmp
java_class_path (initial): C:\Program Files\JetBrains\IntelliJ IDEA Community Edition 2024.1.4\lib\idea_rt.jar;C:\Program Files\JetBrains\IntelliJ IDEA Community Edition 2024.1.4\plugins\testng\lib\testng-rt.jar;C:\Users\Hp SpeCtre\IdeaProjects\P2U and MSquareTest\P2U evaluation suite\target\test-classes;C:\Users\Hp SpeCtre\IdeaProjects\P2U and MSquareTest\P2U evaluation suite\target\classes;C:\Users\Hp SpeCtre\.m2\repository\io\appium\java-client\8.6.0\java-client-8.6.0.jar;C:\Users\Hp SpeCtre\.m2\repository\org\seleniumhq\selenium\selenium-api\4.13.0\selenium-api-4.13.0.jar;C:\Users\Hp SpeCtre\.m2\repository\org\seleniumhq\selenium\selenium-remote-driver\4.13.0\selenium-remote-driver-4.13.0.jar;C:\Users\Hp SpeCtre\.m2\repository\com\google\auto\service\auto-service-annotations\1.1.1\auto-service-annotations-1.1.1.jar;C:\Users\Hp SpeCtre\.m2\repository\com\google\guava\guava\32.1.2-jre\guava-32.1.2-jre.jar;C:\Users\Hp SpeCtre\.m2\repository\com\google\guava\failureaccess\1.0.1\failureaccess-1.0.1.jar;C:\Users\Hp SpeCtre\.m2\repository\com\google\guava\listenablefuture\9999.0-empty-to-avoid-conflict-with-guava\listenablefuture-9999.0-empty-to-avoid-conflict-with-guava.jar;C:\Users\Hp SpeCtre\.m2\repository\com\google\code\findbugs\jsr305\3.0.2\jsr305-3.0.2.jar;C:\Users\Hp SpeCtre\.m2\repository\org\checkerframework\checker-qual\3.33.0\checker-qual-3.33.0.jar;C:\Users\Hp SpeCtre\.m2\repository\com\google\errorprone\error_prone_annotations\2.18.0\error_prone_annotations-2.18.0.jar;C:\Users\Hp SpeCtre\.m2\repository\com\google\j2objc\j2objc-annotations\2.8\j2objc-annotations-2.8.jar;C:\Users\Hp SpeCtre\.m2\repository\io\netty\netty-buffer\4.1.96.Final\netty-buffer-4.1.96.Final.jar;C:\Users\Hp SpeCtre\.m2\repository\io\netty\netty-codec-http\4.1.96.Final\netty-codec-http-4.1.96.Final.jar;C:\Users\Hp SpeCtre\.m2\repository\io\netty\netty-codec\4.1.96.Final\netty-codec-4.1.96.Final.jar;C:\Users\Hp SpeCtre\.m2\repository\io\netty\netty-handler\4.1.96.Final\netty-handler-4.1.96.Final.jar;C:\Users\Hp SpeCtre\.m2\repository\io\netty\netty-common\4.1.96.Final\netty-common-4.1.96.Final.jar;C:\Users\Hp SpeCtre\.m2\repository\io\netty\netty-transport-classes-epoll\4.1.96.Final\netty-transport-classes-epoll-4.1.96.Final.jar;C:\Users\Hp SpeCtre\.m2\repository\io\netty\netty-transport-classes-kqueue\4.1.96.Final\netty-transport-classes-kqueue-4.1.96.Final.jar;C:\Users\Hp SpeCtre\.m2\repository\io\netty\netty-transport-native-epoll\4.1.96.Final\netty-transport-native-epoll-4.1.96.Final.jar;C:\Users\Hp SpeCtre\.m2\repository\io\netty\netty-transport-native-kqueue\4.1.96.Final\netty-transport-native-kqueue-4.1.96.Final.jar;C:\Users\Hp SpeCtre\.m2\repository\io\netty\netty-transport-native-unix-common\4.1.96.Final\netty-transport-native-unix-common-4.1.96.Final.jar;C:\Users\Hp SpeCtre\.m2\repository\io\netty\netty-transport\4.1.96.Final\netty-transport-4.1.96.Final.jar;C:\Users\Hp SpeCtre\.m2\repository\io\netty\netty-resolver\4.1.96.Final\netty-resolver-4.1.96.Final.jar;C:\Users\Hp SpeCtre\.m2\repository\io\opentelemetry\opentelemetry-api\1.28.0\opentelemetry-api-1.28.0.jar;C:\Users\Hp SpeCtre\.m2\repository\io\opentelemetry\opentelemetry-context\1.28.0\opentelemetry-context-1.28.0.jar;C:\Users\Hp SpeCtre\.m2\repository\io\opentelemetry\opentelemetry-exporter-logging\1.28.0\opentelemetry-exporter-logging-1.28.0.jar;C:\Users\Hp SpeCtre\.m2\repository\io\opentelemetry\opentelemetry-sdk-metrics\1.28.0\opentelemetry-sdk-metrics-1.28.0.jar;C:\Users\Hp SpeCtre\.m2\repository\io\opentelemetry\opentelemetry-extension-incubator\1.28.0-alpha\opentelemetry-extension-incubator-1.28.0-alpha.jar;C:\Users\Hp SpeCtre\.m2\repository\io\opentelemetry\opentelemetry-sdk-logs\1.28.0\opentelemetry-sdk-logs-1.28.0.jar;C:\Users\Hp SpeCtre\.m2\repository\io\opentelemetry\opentelemetry-sdk-common\1.28.0\opentelemetry-sdk-common-1.28.0.jar;C:\Users\Hp SpeCtre\.m2\repository\io\opentelemetry\opentelemetry-sdk-extension-autoconfigure-spi\1.28.0\opentelemetry-sdk-extension-autoconfigure-spi-1.28.0.jar;C:\Users\Hp SpeCtre\.m2\repository\io\opentelemetry\opentelemetry-sdk-extension-autoconfigure\1.28.0\opentelemetry-sdk-extension-autoconfigure-1.28.0.jar;C:\Users\Hp SpeCtre\.m2\repository\io\opentelemetry\opentelemetry-api-events\1.28.0-alpha\opentelemetry-api-events-1.28.0-alpha.jar;C:\Users\Hp SpeCtre\.m2\repository\io\opentelemetry\opentelemetry-sdk-trace\1.28.0\opentelemetry-sdk-trace-1.28.0.jar;C:\Users\Hp SpeCtre\.m2\repository\io\opentelemetry\opentelemetry-sdk\1.28.0\opentelemetry-sdk-1.28.0.jar;C:\Users\Hp SpeCtre\.m2\repository\io\opentelemetry\opentelemetry-semconv\1.28.0-alpha\opentelemetry-semconv-1.28.0-alpha.jar;C:\Users\Hp SpeCtre\.m2\repository\net\bytebuddy\byte-buddy\1.14.5\byte-buddy-1.14.5.jar;C:\Users\Hp SpeCtre\.m2\repository\org\asynchttpclient\async-http-client\2.12.3\async-http-client-2.12.3.jar;C:\Users\Hp SpeCtre\.m2\repository\org\asynchttpclient\async-http-client-netty-utils\2.12.3\async-http-client-netty-utils-2.12.3.jar;C:\Users\Hp SpeCtre\.m2\repository\io\netty\netty-codec-socks\4.1.60.Final\netty-codec-socks-4.1.60.Final.jar;C:\Users\Hp SpeCtre\.m2\repository\io\netty\netty-handler-proxy\4.1.60.Final\netty-handler-proxy-4.1.60.Final.jar;C:\Users\Hp SpeCtre\.m2\repository\io\netty\netty-transport-native-epoll\4.1.60.Final\netty-transport-native-epoll-4.1.60.Final-linux-x86_64.jar;C:\Users\Hp SpeCtre\.m2\repository\io\netty\netty-transport-native-kqueue\4.1.60.Final\netty-transport-native-kqueue-4.1.60.Final-osx-x86_64.jar;C:\Users\Hp SpeCtre\.m2\repository\com\typesafe\netty\netty-reactive-streams\2.0.4\netty-reactive-streams-2.0.4.jar;C:\Users\Hp SpeCtre\.m2\repository\com\sun\activation\jakarta.activation\1.2.2\jakarta.activation-1.2.2.jar;C:\Users\Hp SpeCtre\.m2\repository\org\seleniumhq\selenium\selenium-http\4.13.0\selenium-http-4.13.0.jar;C:\Users\Hp SpeCtre\.m2\repository\dev\failsafe\failsafe\3.3.2\failsafe-3.3.2.jar;C:\Users\Hp SpeCtre\.m2\repository\org\seleniumhq\selenium\selenium-json\4.13.0\selenium-json-4.13.0.jar;C:\Users\Hp SpeCtre\.m2\repository\org\seleniumhq\selenium\selenium-manager\4.13.0\selenium-manager-4.13.0.jar;C:\Users\Hp SpeCtre\.m2\repository\org\seleniumhq\selenium\selenium-os\4.13.0\selenium-os-4.13.0.jar;C:\Users\Hp SpeCtre\.m2\repository\org\apache\commons\commons-exec\1.3\commons-exec-1.3.jar;C:\Users\Hp SpeCtre\.m2\repository\org\seleniumhq\selenium\selenium-support\4.13.0\selenium-support-4.13.0.jar;C:\Users\Hp SpeCtre\.m2\repository\com\google\code\gson\gson\2.10.1\gson-2.10.1.jar;C:\Users\Hp SpeCtre\.m2\repository\org\apache\commons\commons-lang3\3.13.0\commons-lang3-3.13.0.jar;C:\Users\Hp SpeCtre\.m2\repository\commons-io\commons-io\2.14.0\commons-io-2.14.0.jar;C:\Users\Hp SpeCtre\.m2\repository\org\slf4j\slf4j-api\2.0.9\slf4j-api-2.0.9.jar;C:\Users\Hp SpeCtre\.m2\repository\com\aventstack\extentreports\5.1.2\extentreports-5.1.2.jar;C:\Users\Hp SpeCtre\.m2\repository\io\reactivex\rxjava3\rxjava\3.1.6\rxjava-3.1.6.jar;C:\Users\Hp SpeCtre\.m2\repository\org\reactivestreams\reactive-streams\1.0.4\reactive-streams-1.0.4.jar;C:\Users\Hp SpeCtre\.m2\repository\org\freemarker\freemarker\2.3.32\freemarker-2.3.32.jar;C:\Users\Hp SpeCtre\.m2\repository\org\projectlombok\lombok\1.18.26\lombok-1.18.26.jar;C:\Users\Hp SpeCtre\.m2\repository\org\testng\testng\7.10.2\testng-7.10.2.jar;C:\Users\Hp SpeCtre\.m2\repository\com\beust\jcommander\1.82\jcommander-1.82.jar;C:\Users\Hp SpeCtre\.m2\repository\org\webjars\jquery\3.7.1\jquery-3.7.1.jar;C:\Users\Hp SpeCtre\.m2\repository\org\apache\logging\log4j\log4j-core\2.20.0\log4j-core-2.20.0.jar;C:\Users\Hp SpeCtre\.m2\repository\org\apache\logging\log4j\log4j-api\2.20.0\log4j-api-2.20.0.jar;C:\Users\Hp SpeCtre\.m2\repository\org\apache\maven\plugins\maven-surefire-plugin\3.5.2\maven-surefire-plugin-3.5.2.jar;C:\Users\Hp SpeCtre\.m2\repository\org\apache\maven\surefire\surefire-api\3.5.2\surefire-api-3.5.2.jar;C:\Users\Hp SpeCtre\.m2\repository\org\apache\maven\surefire\surefire-logger-api\3.5.2\surefire-logger-api-3.5.2.jar;C:\Users\Hp SpeCtre\.m2\repository\org\apache\maven\surefire\surefire-shared-utils\3.5.2\surefire-shared-utils-3.5.2.jar;C:\Users\Hp SpeCtre\.m2\repository\org\apache\maven\surefire\surefire-extensions-api\3.5.2\surefire-extensions-api-3.5.2.jar;C:\Users\Hp SpeCtre\.m2\repository\org\apache\maven\surefire\maven-surefire-common\3.5.2\maven-surefire-common-3.5.2.jar;C:\Users\Hp SpeCtre\.m2\repository\org\apache\maven\surefire\surefire-booter\3.5.2\surefire-booter-3.5.2.jar;C:\Users\Hp SpeCtre\.m2\repository\org\apache\maven\surefire\surefire-extensions-spi\3.5.2\surefire-extensions-spi-3.5.2.jar;C:\Users\Hp SpeCtre\.m2\repository\org\apache\maven\resolver\maven-resolver-util\1.4.1\maven-resolver-util-1.4.1.jar;C:\Users\Hp SpeCtre\.m2\repository\org\apache\maven\resolver\maven-resolver-api\1.4.1\maven-resolver-api-1.4.1.jar;C:\Users\Hp SpeCtre\.m2\repository\org\apache\maven\shared\maven-common-artifact-filters\3.4.0\maven-common-artifact-filters-3.4.0.jar;C:\Users\Hp SpeCtre\.m2\repository\org\apache\maven\plugins\maven-compiler-plugin\3.9.0\maven-compiler-plugin-3.9.0.jar;C:\Users\Hp SpeCtre\.m2\repository\org\apache\maven\shared\maven-shared-utils\3.3.4\maven-shared-utils-3.3.4.jar;C:\Users\Hp SpeCtre\.m2\repository\org\apache\maven\shared\maven-shared-incremental\1.1\maven-shared-incremental-1.1.jar;C:\Users\Hp SpeCtre\.m2\repository\org\codehaus\plexus\plexus-component-annotations\1.5.5\plexus-component-annotations-1.5.5.jar;C:\Users\Hp SpeCtre\.m2\repository\org\codehaus\plexus\plexus-java\1.1.0\plexus-java-1.1.0.jar;C:\Users\Hp SpeCtre\.m2\repository\org\ow2\asm\asm\9.2\asm-9.2.jar;C:\Users\Hp SpeCtre\.m2\repository\com\thoughtworks\qdox\qdox\2.0.0\qdox-2.0.0.jar;C:\Users\Hp SpeCtre\.m2\repository\org\codehaus\plexus\plexus-compiler-api\2.9.0\plexus-compiler-api-2.9.0.jar;C:\Users\Hp SpeCtre\.m2\repository\org\codehaus\plexus\plexus-utils\3.3.0\plexus-utils-3.3.0.jar;C:\Users\Hp SpeCtre\.m2\repository\org\codehaus\plexus\plexus-compiler-manager\2.9.0\plexus-compiler-manager-2.9.0.jar;C:\Users\Hp SpeCtre\.m2\repository\org\codehaus\plexus\plexus-compiler-javac\2.9.0\plexus-compiler-javac-2.9.0.jar
Launcher Type: SUN_STANDARD

[Global flags]
     intx CICompilerCount                          = 3                                         {product} {ergonomic}
     uint ConcGCThreads                            = 1                                         {product} {ergonomic}
     uint G1ConcRefinementThreads                  = 4                                         {product} {ergonomic}
   size_t G1HeapRegionSize                         = 1048576                                   {product} {ergonomic}
   size_t InitialHeapSize                          = 134217728                                 {product} {ergonomic}
   size_t MarkStackSize                            = 4194304                                   {product} {ergonomic}
   size_t MaxHeapSize                              = 2124414976                                {product} {ergonomic}
   size_t MaxNewSize                               = 1274019840                                {product} {ergonomic}
   size_t MinHeapDeltaBytes                        = 1048576                                   {product} {ergonomic}
   size_t MinHeapSize                              = 8388608                                   {product} {ergonomic}
    uintx NonNMethodCodeHeapSize                   = 5832780                                {pd product} {ergonomic}
    uintx NonProfiledCodeHeapSize                  = 122912730                              {pd product} {ergonomic}
    uintx ProfiledCodeHeapSize                     = 122912730                              {pd product} {ergonomic}
    uintx ReservedCodeCacheSize                    = 251658240                              {pd product} {ergonomic}
     bool SegmentedCodeCache                       = true                                      {product} {ergonomic}
   size_t SoftMaxHeapSize                          = 2124414976                             {manageable} {ergonomic}
     bool UseCompressedOops                        = true                           {product lp64_product} {ergonomic}
     bool UseG1GC                                  = true                                      {product} {ergonomic}
     bool UseLargePagesIndividualAllocation        = false                                  {pd product} {ergonomic}

Logging:
Log output configuration:
 #0: stdout all=warning uptime,level,tags foldmultilines=false
 #1: stderr all=off uptime,level,tags foldmultilines=false

Environment Variables:
JAVA_HOME=C:\Program Files\Java\jdk-21
PATH=C:\Windows\system32;C:\Windows;C:\Windows\System32\Wbem;C:\Windows\System32\WindowsPowerShell\v1.0\;C:\Windows\System32\OpenSSH\;C:\Program Files\Git\cmd;C:\Program Files\nodejs\;C:\androidSDK\Sdk\platform-tools;C:\androidSDK\Sdk\tools;C:\Program Files\Java\jdk-21\bin;C:\Users\Hp SpeCtre\AppData\Local\Microsoft\WindowsApps;C:\Users\Hp SpeCtre\Downloads\apache-maven-3.8.8-bin\apache-maven-3.8.8\bin;C:\Users\Hp SpeCtre\AppData\Roaming\npm
USERNAME=Hp SpeCtre
OS=Windows_NT
PROCESSOR_IDENTIFIER=Intel64 Family 6 Model 78 Stepping 3, GenuineIntel
TMP=C:\Users\HPSPEC~1\AppData\Local\Temp
TEMP=C:\Users\HPSPEC~1\AppData\Local\Temp




Periodic native trim disabled

---------------  S Y S T E M  ---------------

OS:
 Windows 11 , 64 bit Build 22000 (10.0.22000.2538)
OS uptime: 25 days 15:05 hours

CPU: total 4 (initial active 4) (2 cores per cpu, 2 threads per core) family 6 model 78 stepping 3 microcode 0xd6, cx8, cmov, fxsr, ht, mmx, 3dnowpref, sse, sse2, sse3, ssse3, sse4.1, sse4.2, popcnt, lzcnt, tsc, tscinvbit, avx, avx2, aes, erms, clmul, bmi1, bmi2, adx, fma, vzeroupper, clflush, clflushopt, rdtscp, f16c
Processor Information for all 4 processors :
  Max Mhz: 2400, Current Mhz: 2300, Mhz Limit: 2280

Memory: 4k page, system-wide physical 8100M (380M free)
TotalPageFile size 32676M (AvailPageFile size 3M)
current process WorkingSet (physical memory assigned to process): 85M, peak: 85M
current process commit charge ("private bytes"): 225M, peak: 226M

vm_info: Java HotSpot(TM) 64-Bit Server VM (22.0.2+9-70) for windows-amd64 JRE (22.0.2+9-70), built on 2024-06-04T16:52:23Z by "mach5one" with MS VC++ 17.6 (VS2022)

END.
